#
# A fatal error has been detected by the Java Runtime Environment:
#
#  SIGSEGV (0xb) at pc=0x00007fff9106c8e2, pid=472, tid=2571
#
# JRE version: Java(TM) SE Runtime Environment (8.0_45-b14) (build 1.8.0_45-b14)
# Java VM: Java HotSpot(TM) 64-Bit Server VM (25.45-b02 mixed mode bsd-amd64 compressed oops)
# Problematic frame:
# C  [libGPUSupportMercury.dylib+0xa8e2]  gldAttachDrawable+0x60
#
# Failed to write core dump. Core dumps have been disabled. To enable core dumping, try "ulimit -c unlimited" before starting Java again
#
# If you would like to submit a bug report, please visit:
#   http://bugreport.java.com/bugreport/crash.jsp
# The crash happened outside the Java Virtual Machine in native code.
# See problematic frame for where to report the bug.
#

---------------  T H R E A D  ---------------

Current thread (0x00007faa62826000):  JavaThread "AppKit Thread" daemon [_thread_in_native, id=2571, stack(0x00007fff5a8f9000,0x00007fff5b0f9000)]

siginfo: si_signo: 11 (SIGSEGV), si_code: 0 (unknown), si_addr: 0x0000000000000000

Registers:
RAX=0xc000000000000000, RBX=0x000000000000271e, RCX=0x0000000000000000, RDX=0x00007faa62791108
RSP=0x00007fff5b0f4220, RBP=0x00007fff5b0f4320, RSI=0x0000000000000050, RDI=0x8b0032205a7a7716
R8 =0x00007faa65809e60, R9 =0x00007faa65000000, R10=0x000000000000003c, R11=0x0000000000000206
R12=0x0000000000002718, R13=0x00007faa642a1c00, R14=0x0000000000000050, R15=0x0000000000000000
RIP=0x00007fff9106c8e2, EFLAGS=0x0000000000010212, ERR=0x0000000000000000
  TRAPNO=0x000000000000000d

Top of Stack: (sp=0x00007fff5b0f4220)
0x00007fff5b0f4220:   0000000000013cbf 0000000000000070
0x00007fff5b0f4230:   00007fff5b0f4270 00007fff9b6fff4b
0x00007fff5b0f4240:   0000000000000000 4036000000000000
0x00007fff5b0f4250:   4089000000000000 c000000000000000
0x00007fff5b0f4260:   2f35b4dd00013cbf 000000002f35b4dd
0x00007fff5b0f4270:   00007fff5b0f4360 00007fff9b3cd252
0x00007fff5b0f4280:   0000000000000000 4036000000000000
0x00007fff5b0f4290:   4089000000000000 4082c00000000000
0x00007fff5b0f42a0:   7ff0000000000000 7ff0000000000000
0x00007fff5b0f42b0:   0000000000000000 0000000000000000
0x00007fff5b0f42c0:   0000000000000070 00007faa62422ad0
0x00007fff5b0f42d0:   7ff0000000000000 7ff0000000000000
0x00007fff5b0f42e0:   00007fff5b0f4310 00007fff9b35b662
0x00007fff5b0f42f0:   8b0032205a7a7716 00007faa65800000
0x00007fff5b0f4300:   0000000000002718 0000000000000000
0x00007fff5b0f4310:   0000000000000050 0000000000000000
0x00007fff5b0f4320:   00007fff5b0f4380 00007fff986fa553
0x00007fff5b0f4330:   4094000000000000 0000000000000000
0x00007fff5b0f4340:   00007faa65809e60 0000000000013cbf
0x00007fff5b0f4350:   00007faa62791108 00007faa62564e00
0x00007fff5b0f4360:   0000000000000000 00007faa6429fb50
0x00007fff5b0f4370:   00007faa6429dc00 8b0032205a7a7716
0x00007fff5b0f4380:   00007fff5b0f4470 00007fff941f2844
0x00007fff5b0f4390:   4089000000000000 406e000000000000
0x00007fff5b0f43a0:   4053800000000000 4089000000000000
0x00007fff5b0f43b0:   4083700000000000 0000000000000000
0x00007fff5b0f43c0:   4036000000000000 4089000000000000
0x00007fff5b0f43d0:   4082c00000000000 0000000000000000
0x00007fff5b0f43e0:   0000000000000000 0000000000000001
0x00007fff5b0f43f0:   00007faa62791108 0000000000000001
0x00007fff5b0f4400:   00007fff5b0f4470 00007fff941f75da
0x00007fff5b0f4410:   0000000000000003 0000000100000001 

Instructions: (pc=0x00007fff9106c8e2)
0x00007fff9106c8c2:   48 85 d2 b8 01 00 00 00 bb 15 27 00 00 0f 44 d8
0x00007fff9106c8d2:   e9 29 03 00 00 49 8b 45 08 48 89 85 38 ff ff ff
0x00007fff9106c8e2:   48 8b 00 48 89 85 30 ff ff ff 83 fe 4f 0f 8f 03
0x00007fff9106c8f2:   01 00 00 48 89 d0 bb 15 27 00 00 83 fe 35 0f 84 

Register to memory mapping:

RAX=0xc000000000000000 is an unknown value
RBX=0x000000000000271e is an unknown value
RCX=0x0000000000000000 is an unknown value
RDX=0x00007faa62791108 is an unknown value
RSP=0x00007fff5b0f4220 is pointing into the stack for thread: 0x00007faa62826000
RBP=0x00007fff5b0f4320 is pointing into the stack for thread: 0x00007faa62826000
RSI=0x0000000000000050 is an unknown value
RDI=0x8b0032205a7a7716 is an unknown value
R8 =0x00007faa65809e60 is an unknown value
R9 =0x00007faa65000000 is an unknown value
R10=0x000000000000003c is an unknown value
R11=0x0000000000000206 is an unknown value
R12=0x0000000000002718 is an unknown value
R13=0x00007faa642a1c00 is an unknown value
R14=0x0000000000000050 is an unknown value
R15=0x0000000000000000 is an unknown value


Stack: [0x00007fff5a8f9000,0x00007fff5b0f9000],  sp=0x00007fff5b0f4220,  free space=8172k
Native frames: (J=compiled Java code, j=interpreted, Vv=VM code, C=native code)
C  [libGPUSupportMercury.dylib+0xa8e2]  gldAttachDrawable+0x60
C  [GLEngine+0x16553]  gliAttachDrawableWithOptions+0x108
C  [OpenGL+0x3844]  glcGetIOAccelService+0xe35
C  [OpenGL+0x7370]  CGLSetPBuffer+0xb38
C  [OpenGL+0x7695]  CGLSetSurface+0x124
C  [AppKit+0x30df20]  NSOpenGLContextAttachOnScreenViewSurface+0x109
C  [AppKit+0x6519ea]  __27-[NSOpenGLContext setView:]_block_invoke+0xc0
C  [AppKit+0x835659]  NSPerformVisuallyAtomicChange+0x93
C  [AppKit+0x2f9204]  -[NSOpenGLContext setView:]+0x77
C  [liblwjgl.dylib+0xa586]  -[MacOSXOpenGLView lockFocus]+0x76
C  [AppKit+0xd77c3]  -[NSView _recursiveDisplayRectIfNeededIgnoringOpacity:isVisibleRect:rectIsVisibleRectForView:topView:]+0x6e2
C  [AppKit+0xd87b1]  -[NSView _recursiveDisplayRectIfNeededIgnoringOpacity:isVisibleRect:rectIsVisibleRectForView:topView:]+0x16d0
C  [AppKit+0xd6c0c]  -[NSThemeFrame _recursiveDisplayRectIfNeededIgnoringOpacity:isVisibleRect:rectIsVisibleRectForView:topView:]+0x14e
C  [AppKit+0xd31ef]  -[NSView _displayRectIgnoringOpacity:isVisibleRect:rectIsVisibleRectForView:]+0x991
C  [AppKit+0x8d971]  -[NSView displayIfNeeded]+0x79e
C  [AppKit+0x8d19c]  -[NSWindow displayIfNeeded]+0xe8
C  [AppKit+0x8096da]  ___NSWindowGetDisplayCycleObserver_block_invoke6367+0x1dc
C  [AppKit+0x4500d6]  __37+[NSDisplayCycle currentDisplayCycle]_block_invoke+0x2e2
C  [QuartzCore+0x173b5d]  CA::Transaction::run_commit_handlers(CATransactionPhase)+0x55
C  [QuartzCore+0xdc7c]  CA::Context::commit_transaction(CA::Transaction*)+0xa0
C  [QuartzCore+0xda24]  CA::Transaction::commit()+0x1fc
C  [QuartzCore+0x1c917]  CA::Transaction::observer_callback(__CFRunLoopObserver*, unsigned long, void*)+0x47
C  [CoreFoundation+0x7de37]  __CFRUNLOOP_IS_CALLING_OUT_TO_AN_OBSERVER_CALLBACK_FUNCTION__+0x17
C  [CoreFoundation+0x7dda7]  __CFRunLoopDoObservers+0x187
C  [CoreFoundation+0x6f358]  CFRunLoopRunSpecific+0x148
C  [HIToolbox+0x30935]  RunCurrentEventLoopInMode+0xeb
C  [HIToolbox+0x30677]  ReceiveNextEventCommon+0xb8
C  [HIToolbox+0x305af]  _BlockUntilNextEventMatchingListInModeWithFilter+0x47
C  [AppKit+0x8a0ee]  _DPSNextEvent+0x42b
C  [AppKit+0x456943]  -[NSApplication _nextEventMatchingEventMask:untilDate:inMode:dequeue:]+0x1c6
C  [libosxapp.dylib+0x242a]  -[NSApplicationAWT nextEventMatchingMask:untilDate:inMode:dequeue:]+0x7c
C  [AppKit+0x7ffc8]  -[NSApplication run]+0x2aa
C  [libosxapp.dylib+0x223e]  +[NSApplicationAWT runAWTLoopWithApp:]+0x9c
C  [libawt_lwawt.dylib+0x4462b]  -[AWTStarter starter:]+0x389
C  [Foundation+0x8dd4b]  __NSThreadPerformPerform+0x117
C  [CoreFoundation+0x7e5c1]  __CFRUNLOOP_IS_CALLING_OUT_TO_A_SOURCE0_PERFORM_FUNCTION__+0x11
C  [CoreFoundation+0x7041c]  __CFRunLoopDoSources0+0x22c
C  [CoreFoundation+0x6f93f]  __CFRunLoopRun+0x39f
C  [CoreFoundation+0x6f338]  CFRunLoopRunSpecific+0x128
C  [java+0x6490]  CreateExecutionEnvironment+0x367
C  [java+0x221c]  JLI_Launch+0x7a0
C  [java+0x84ed]  main+0x65
C  [java+0x1a74]  start+0x34
C  0x0000000000000006


---------------  P R O C E S S  ---------------

Java Threads: ( => current thread )
  0x00007faa63084000 JavaThread "AWT-Shutdown" [_thread_blocked, id=24347, stack(0x0000700000932000,0x0000700000a32000)]
=>0x00007faa62826000 JavaThread "AppKit Thread" daemon [_thread_in_native, id=2571, stack(0x00007fff5a8f9000,0x00007fff5b0f9000)]
  0x00007faa6402a800 JavaThread "Service Thread" daemon [_thread_blocked, id=18691, stack(0x0000700000e44000,0x0000700000f44000)]
  0x00007faa63005000 JavaThread "C1 CompilerThread2" daemon [_thread_blocked, id=18179, stack(0x0000700000d41000,0x0000700000e41000)]
  0x00007faa6402a000 JavaThread "C2 CompilerThread1" daemon [_thread_blocked, id=17667, stack(0x0000700000c3e000,0x0000700000d3e000)]
  0x00007faa6282b000 JavaThread "C2 CompilerThread0" daemon [_thread_blocked, id=17155, stack(0x0000700000b3b000,0x0000700000c3b000)]
  0x00007faa62818000 JavaThread "Signal Dispatcher" daemon [_thread_blocked, id=12815, stack(0x0000700000a38000,0x0000700000b38000)]
  0x00007faa6384b000 JavaThread "Finalizer" daemon [_thread_blocked, id=12291, stack(0x000070000082f000,0x000070000092f000)]
  0x00007faa6384a800 JavaThread "Reference Handler" daemon [_thread_blocked, id=11779, stack(0x000070000072c000,0x000070000082c000)]
  0x00007faa64007000 JavaThread "main" [_thread_in_native, id=4099, stack(0x0000700000084000,0x0000700000184000)]

Other Threads:
  0x00007faa63004800 VMThread [stack: 0x0000700000629000,0x0000700000729000] [id=11267]
  0x00007faa6382f000 WatcherThread [stack: 0x0000700000f47000,0x0000700001047000] [id=19203]

VM state:not at safepoint (normal execution)

VM Mutex/Monitor currently owned by a thread: None

Heap:
 PSYoungGen      total 38400K, used 20658K [0x0000000795580000, 0x0000000798000000, 0x00000007c0000000)
  eden space 33280K, 62% used [0x0000000795580000,0x00000007969acbb8,0x0000000797600000)
  from space 5120K, 0% used [0x0000000797b00000,0x0000000797b00000,0x0000000798000000)
  to   space 5120K, 0% used [0x0000000797600000,0x0000000797600000,0x0000000797b00000)
 ParOldGen       total 87552K, used 0K [0x0000000740000000, 0x0000000745580000, 0x0000000795580000)
  object space 87552K, 0% used [0x0000000740000000,0x0000000740000000,0x0000000745580000)
 Metaspace       used 7167K, capacity 7339K, committed 7552K, reserved 1056768K
  class space    used 719K, capacity 792K, committed 896K, reserved 1048576K

Card table byte_map: [0x00000001159c0000,0x0000000115dc1000] byte_map_base: 0x0000000111fc0000

Marking Bits: (ParMarkBitMap*) 0x00000001056457a0
 Begin Bits: [0x000000011606c000, 0x000000011806c000)
 End Bits:   [0x000000011806c000, 0x000000011a06c000)

Polling page: 0x0000000105d33000

CodeCache: size=245760Kb used=3439Kb max_used=3439Kb free=242320Kb
 bounds [0x0000000106600000, 0x0000000106970000, 0x0000000115600000]
 total_blobs=1240 nmethods=848 adapters=306
 compilation: enabled

Compilation events (10 events):
Event: 19.840 Thread 0x00007faa63005000  838       3       java.nio.Bits::int3 (6 bytes)
Event: 19.841 Thread 0x00007faa63005000 nmethod 838 0x0000000106953a50 code [0x0000000106953ba0, 0x0000000106953cd0]
Event: 19.841 Thread 0x00007faa63005000  839       3       java.nio.Bits::int2 (6 bytes)
Event: 19.841 Thread 0x00007faa63005000 nmethod 839 0x0000000106940010 code [0x0000000106940160, 0x0000000106940290]
Event: 19.841 Thread 0x00007faa63005000  840       3       java.nio.Bits::int1 (6 bytes)
Event: 19.841 Thread 0x00007faa63005000 nmethod 840 0x000000010693fd10 code [0x000000010693fe60, 0x000000010693ff90]
Event: 19.841 Thread 0x00007faa63005000  841       3       java.nio.Bits::int0 (3 bytes)
Event: 19.841 Thread 0x00007faa63005000 nmethod 841 0x000000010693fa10 code [0x000000010693fb60, 0x000000010693fc90]
Event: 19.857 Thread 0x00007faa63005000  842       3       java.nio.Bits::putIntB (43 bytes)
Event: 19.857 Thread 0x00007faa63005000 nmethod 842 0x000000010693f090 code [0x000000010693f240, 0x000000010693f818]

GC Heap History (0 events):
No events

Deoptimization events (6 events):
Event: 5.646 Thread 0x00007faa64007000 Uncommon trap: reason=unstable_if action=reinterpret pc=0x000000010691ea6c method=Board.getWinner()LToken; @ 139
Event: 5.646 Thread 0x00007faa64007000 Uncommon trap: reason=unstable_if action=reinterpret pc=0x00000001068b4674 method=java.lang.Enum.equals(Ljava/lang/Object;)Z @ 2
Event: 8.371 Thread 0x00007faa638f7000 Uncommon trap: reason=unstable_if action=reinterpret pc=0x0000000106931ab8 method=java.util.HashMap.keySet()Ljava/util/Set; @ 6
Event: 8.371 Thread 0x00007faa638f7000 Uncommon trap: reason=unstable_if action=reinterpret pc=0x0000000106930c08 method=java.util.HashMap$HashIterator.<init>(Ljava/util/HashMap;)V @ 38
Event: 11.927 Thread 0x00007faa64047000 Uncommon trap: reason=unstable_if action=reinterpret pc=0x00000001068f44a4 method=java.util.HashMap$HashIterator.<init>(Ljava/util/HashMap;)V @ 38
Event: 21.102 Thread 0x00007faa64007000 Uncommon trap: reason=unstable_if action=reinterpret pc=0x000000010692f6a0 method=org.newdawn.slick.AppGameContainer.gameLoop()V @ 60

Internal exceptions (10 events):
Event: 0.295 Thread 0x00007faa64007000 Exception <a 'java/security/PrivilegedActionException'> (0x0000000795896de8) thrown at [/Users/java_re/workspace/8-2-build-macosx-x86_64/jdk8u45/3457/hotspot/src/share/vm/prims/jvm.cpp, line 1382]
Event: 0.295 Thread 0x00007faa64007000 Exception <a 'java/security/PrivilegedActionException'> (0x0000000795896fa0) thrown at [/Users/java_re/workspace/8-2-build-macosx-x86_64/jdk8u45/3457/hotspot/src/share/vm/prims/jvm.cpp, line 1382]
Event: 0.295 Thread 0x00007faa64007000 Exception <a 'java/security/PrivilegedActionException'> (0x000000079589a320) thrown at [/Users/java_re/workspace/8-2-build-macosx-x86_64/jdk8u45/3457/hotspot/src/share/vm/prims/jvm.cpp, line 1382]
Event: 0.295 Thread 0x00007faa64007000 Exception <a 'java/security/PrivilegedActionException'> (0x000000079589a4d8) thrown at [/Users/java_re/workspace/8-2-build-macosx-x86_64/jdk8u45/3457/hotspot/src/share/vm/prims/jvm.cpp, line 1382]
Event: 0.435 Thread 0x00007faa64007000 Exception <a 'java/io/FileNotFoundException'> (0x000000079589ed90) thrown at [/Users/java_re/workspace/8-2-build-macosx-x86_64/jdk8u45/3457/hotspot/src/share/vm/prims/jni.cpp, line 709]
Event: 0.435 Thread 0x00007faa64007000 Exception <a 'java/io/FileNotFoundException'> (0x000000079589f908) thrown at [/Users/java_re/workspace/8-2-build-macosx-x86_64/jdk8u45/3457/hotspot/src/share/vm/prims/jni.cpp, line 709]
Event: 0.492 Thread 0x00007faa62826000 Exception <a 'java/lang/NoSuchFieldError': method resolution failed> (0x0000000795a3c248) thrown at [/Users/java_re/workspace/8-2-build-macosx-x86_64/jdk8u45/3457/hotspot/src/share/vm/prims/methodHandles.cpp, line 1125]
Event: 0.495 Thread 0x00007faa62826000 Exception <a 'java/lang/NoSuchFieldError': method resolution failed> (0x0000000795a4a8e8) thrown at [/Users/java_re/workspace/8-2-build-macosx-x86_64/jdk8u45/3457/hotspot/src/share/vm/prims/methodHandles.cpp, line 1125]
Event: 8.371 Thread 0x00007faa638f7000 Implicit null exception at 0x000000010693095f to 0x0000000106930bed
Event: 11.927 Thread 0x00007faa64047000 Implicit null exception at 0x00000001068f4246 to 0x00000001068f448d

Events (10 events):
Event: 14.599 Thread 0x00007faa638f7000 Thread added: 0x00007faa638f7000
Event: 17.625 Executing VM operation: RevokeBias
Event: 17.625 Executing VM operation: RevokeBias done
Event: 17.625 Thread 0x00007faa638f7000 Thread exited: 0x00007faa638f7000
Event: 19.278 Thread 0x00007faa63084000 Thread added: 0x00007faa63084000
Event: 21.102 Thread 0x00007faa64007000 Uncommon trap: trap_request=0xffffff65 fr.pc=0x000000010692f6a0
Event: 21.102 Thread 0x00007faa64007000 DEOPT PACKING pc=0x000000010692f6a0 sp=0x0000700000183840
Event: 21.102 Thread 0x00007faa64007000 DEOPT UNPACKING pc=0x0000000106605229 sp=0x0000700000183808 mode 2
Event: 21.104 loading class org/lwjgl/opengl/CallbackUtil
Event: 21.104 loading class org/lwjgl/opengl/CallbackUtil done


Dynamic libraries:
0x000000000a1be000 	/System/Library/Frameworks/Cocoa.framework/Versions/A/Cocoa
0x000000000a1be000 	/System/Library/Frameworks/Security.framework/Versions/A/Security
0x000000000a1be000 	/System/Library/Frameworks/ApplicationServices.framework/Versions/A/ApplicationServices
0x000000000a1be000 	/usr/lib/libz.1.dylib
0x000000000a1be000 	/usr/lib/libSystem.B.dylib
0x000000000a1be000 	/usr/lib/libobjc.A.dylib
0x000000000a1be000 	/System/Library/Frameworks/CoreFoundation.framework/Versions/A/CoreFoundation
0x000000000a1be000 	/System/Library/Frameworks/Foundation.framework/Versions/C/Foundation
0x000000000a1be000 	/System/Library/Frameworks/AppKit.framework/Versions/C/AppKit
0x000000000a1be000 	/System/Library/Frameworks/CoreData.framework/Versions/A/CoreData
0x000000000a1be000 	/System/Library/PrivateFrameworks/RemoteViewServices.framework/Versions/A/RemoteViewServices
0x000000000a1be000 	/System/Library/PrivateFrameworks/UIFoundation.framework/Versions/A/UIFoundation
0x000000000a1be000 	/usr/lib/libScreenReader.dylib
0x000000000a1be000 	/System/Library/Frameworks/Accelerate.framework/Versions/A/Accelerate
0x000000000a1be000 	/System/Library/Frameworks/IOSurface.framework/Versions/A/IOSurface
0x000000000a1be000 	/System/Library/Frameworks/AudioToolbox.framework/Versions/A/AudioToolbox
0x000000000a1be000 	/System/Library/Frameworks/AudioUnit.framework/Versions/A/AudioUnit
0x000000000a1be000 	/System/Library/PrivateFrameworks/DataDetectorsCore.framework/Versions/A/DataDetectorsCore
0x000000000a1be000 	/System/Library/PrivateFrameworks/DesktopServicesPriv.framework/Versions/A/DesktopServicesPriv
0x000000000a1be000 	/System/Library/Frameworks/Carbon.framework/Versions/A/Frameworks/HIToolbox.framework/Versions/A/HIToolbox
0x000000000a1be000 	/System/Library/Frameworks/QuartzCore.framework/Versions/A/QuartzCore
0x000000000a1be000 	/System/Library/Frameworks/Carbon.framework/Versions/A/Frameworks/SpeechRecognition.framework/Versions/A/SpeechRecognition
0x000000000a1be000 	/usr/lib/libauto.dylib
0x000000000a1be000 	/usr/lib/libicucore.A.dylib
0x000000000a1be000 	/usr/lib/libxml2.2.dylib
0x000000000a1be000 	/System/Library/PrivateFrameworks/CoreUI.framework/Versions/A/CoreUI
0x000000000a1be000 	/System/Library/Frameworks/CoreAudio.framework/Versions/A/CoreAudio
0x000000000a1be000 	/System/Library/Frameworks/DiskArbitration.framework/Versions/A/DiskArbitration
0x000000000a1be000 	/usr/lib/liblangid.dylib
0x000000000a1be000 	/System/Library/PrivateFrameworks/MultitouchSupport.framework/Versions/A/MultitouchSupport
0x000000000a1be000 	/System/Library/Frameworks/IOKit.framework/Versions/A/IOKit
0x000000000a1be000 	/usr/lib/libDiagnosticMessagesClient.dylib
0x000000000a1be000 	/System/Library/Frameworks/CoreServices.framework/Versions/A/CoreServices
0x000000000a1be000 	/System/Library/PrivateFrameworks/PerformanceAnalysis.framework/Versions/A/PerformanceAnalysis
0x000000000a1be000 	/System/Library/PrivateFrameworks/GenerationalStorage.framework/Versions/A/GenerationalStorage
0x000000000a1be000 	/System/Library/Frameworks/OpenGL.framework/Versions/A/OpenGL
0x000000000a1be000 	/System/Library/PrivateFrameworks/Sharing.framework/Versions/A/Sharing
0x000000000a1be000 	/System/Library/Frameworks/CoreGraphics.framework/Versions/A/CoreGraphics
0x000000000a1be000 	/System/Library/Frameworks/CoreImage.framework/Versions/A/CoreImage
0x000000000a1be000 	/System/Library/Frameworks/CoreText.framework/Versions/A/CoreText
0x000000000a1be000 	/System/Library/Frameworks/ImageIO.framework/Versions/A/ImageIO
0x000000000a1be000 	/System/Library/PrivateFrameworks/Backup.framework/Versions/A/Backup
0x000000000a1be000 	/usr/lib/libextension.dylib
0x000000000a1be000 	/usr/lib/libarchive.2.dylib
0x000000000a1be000 	/System/Library/Frameworks/CFNetwork.framework/Versions/A/CFNetwork
0x000000000a1be000 	/System/Library/Frameworks/SystemConfiguration.framework/Versions/A/SystemConfiguration
0x000000000a1be000 	/usr/lib/libCRFSuite.dylib
0x000000000a1be000 	/usr/lib/libc++.1.dylib
0x000000000a1be000 	/usr/lib/libc++abi.dylib
0x000000000a1be000 	/usr/lib/system/libcache.dylib
0x000000000a1be000 	/usr/lib/system/libcommonCrypto.dylib
0x000000000a1be000 	/usr/lib/system/libcompiler_rt.dylib
0x000000000a1be000 	/usr/lib/system/libcopyfile.dylib
0x000000000a1be000 	/usr/lib/system/libcorecrypto.dylib
0x000000000a1be000 	/usr/lib/system/libdispatch.dylib
0x000000000a1be000 	/usr/lib/system/libdyld.dylib
0x000000000a1be000 	/usr/lib/system/libkeymgr.dylib
0x000000000a1be000 	/usr/lib/system/liblaunch.dylib
0x000000000a1be000 	/usr/lib/system/libmacho.dylib
0x000000000a1be000 	/usr/lib/system/libquarantine.dylib
0x000000000a1be000 	/usr/lib/system/libremovefile.dylib
0x000000000a1be000 	/usr/lib/system/libsystem_asl.dylib
0x000000000a1be000 	/usr/lib/system/libsystem_blocks.dylib
0x000000000a1be000 	/usr/lib/system/libsystem_c.dylib
0x000000000a1be000 	/usr/lib/system/libsystem_configuration.dylib
0x000000000a1be000 	/usr/lib/system/libsystem_coreservices.dylib
0x000000000a1be000 	/usr/lib/system/libsystem_coretls.dylib
0x000000000a1be000 	/usr/lib/system/libsystem_dnssd.dylib
0x000000000a1be000 	/usr/lib/system/libsystem_info.dylib
0x000000000a1be000 	/usr/lib/system/libsystem_kernel.dylib
0x000000000a1be000 	/usr/lib/system/libsystem_m.dylib
0x000000000a1be000 	/usr/lib/system/libsystem_malloc.dylib
0x000000000a1be000 	/usr/lib/system/libsystem_network.dylib
0x000000000a1be000 	/usr/lib/system/libsystem_networkextension.dylib
0x000000000a1be000 	/usr/lib/system/libsystem_notify.dylib
0x000000000a1be000 	/usr/lib/system/libsystem_platform.dylib
0x000000000a1be000 	/usr/lib/system/libsystem_pthread.dylib
0x000000000a1be000 	/usr/lib/system/libsystem_sandbox.dylib
0x000000000a1be000 	/usr/lib/system/libsystem_secinit.dylib
0x000000000a1be000 	/usr/lib/system/libsystem_trace.dylib
0x000000000a1be000 	/usr/lib/system/libunc.dylib
0x000000000a1be000 	/usr/lib/system/libunwind.dylib
0x000000000a1be000 	/usr/lib/system/libxpc.dylib
0x000000000a1be000 	/usr/lib/libenergytrace.dylib
0x000000000a1be000 	/usr/lib/libbsm.0.dylib
0x000000000a1be000 	/usr/lib/system/libkxld.dylib
0x000000000a1be000 	/usr/lib/libxar.1.dylib
0x000000000a1be000 	/usr/lib/libsqlite3.dylib
0x000000000a1be000 	/usr/lib/libpam.2.dylib
0x000000000a1be000 	/usr/lib/libOpenScriptingUtil.dylib
0x000000000a1be000 	/usr/lib/libbz2.1.0.dylib
0x000000000a1be000 	/usr/lib/liblzma.5.dylib
0x000000000a1be000 	/System/Library/Frameworks/CoreServices.framework/Versions/A/Frameworks/FSEvents.framework/Versions/A/FSEvents
0x000000000a1be000 	/System/Library/Frameworks/CoreServices.framework/Versions/A/Frameworks/CarbonCore.framework/Versions/A/CarbonCore
0x000000000a1be000 	/System/Library/Frameworks/CoreServices.framework/Versions/A/Frameworks/Metadata.framework/Versions/A/Metadata
0x000000000a1be000 	/System/Library/Frameworks/CoreServices.framework/Versions/A/Frameworks/OSServices.framework/Versions/A/OSServices
0x000000000a1be000 	/System/Library/Frameworks/CoreServices.framework/Versions/A/Frameworks/SearchKit.framework/Versions/A/SearchKit
0x000000000a1be000 	/System/Library/Frameworks/CoreServices.framework/Versions/A/Frameworks/AE.framework/Versions/A/AE
0x000000000a1be000 	/System/Library/Frameworks/CoreServices.framework/Versions/A/Frameworks/LaunchServices.framework/Versions/A/LaunchServices
0x000000000a1be000 	/System/Library/Frameworks/CoreServices.framework/Versions/A/Frameworks/DictionaryServices.framework/Versions/A/DictionaryServices
0x000000000a1be000 	/System/Library/Frameworks/CoreServices.framework/Versions/A/Frameworks/SharedFileList.framework/Versions/A/SharedFileList
0x000000000a1be000 	/System/Library/Frameworks/NetFS.framework/Versions/A/NetFS
0x000000000a1be000 	/System/Library/PrivateFrameworks/NetAuth.framework/Versions/A/NetAuth
0x000000000a1be000 	/System/Library/PrivateFrameworks/login.framework/Versions/A/Frameworks/loginsupport.framework/Versions/A/loginsupport
0x000000000a1be000 	/System/Library/PrivateFrameworks/TCC.framework/Versions/A/TCC
0x000000000a1be000 	/usr/lib/libmecabra.dylib
0x000000000a1be000 	/System/Library/Frameworks/ApplicationServices.framework/Versions/A/Frameworks/ATS.framework/Versions/A/ATS
0x000000000a1be000 	/System/Library/Frameworks/ApplicationServices.framework/Versions/A/Frameworks/ColorSync.framework/Versions/A/ColorSync
0x000000000a1be000 	/System/Library/Frameworks/ApplicationServices.framework/Versions/A/Frameworks/HIServices.framework/Versions/A/HIServices
0x000000000a1be000 	/System/Library/Frameworks/ApplicationServices.framework/Versions/A/Frameworks/LangAnalysis.framework/Versions/A/LangAnalysis
0x000000000a1be000 	/System/Library/Frameworks/ApplicationServices.framework/Versions/A/Frameworks/PrintCore.framework/Versions/A/PrintCore
0x000000000a1be000 	/System/Library/Frameworks/ApplicationServices.framework/Versions/A/Frameworks/QD.framework/Versions/A/QD
0x000000000a1be000 	/System/Library/Frameworks/ApplicationServices.framework/Versions/A/Frameworks/SpeechSynthesis.framework/Versions/A/SpeechSynthesis
0x000000000a1be000 	/System/Library/Frameworks/Metal.framework/Versions/A/Metal
0x000000000a1be000 	/System/Library/Frameworks/Accelerate.framework/Versions/A/Frameworks/vImage.framework/Versions/A/vImage
0x000000000a1be000 	/System/Library/Frameworks/Accelerate.framework/Versions/A/Frameworks/vecLib.framework/Versions/A/vecLib
0x000000000a1be000 	/System/Library/Frameworks/Accelerate.framework/Versions/A/Frameworks/vecLib.framework/Versions/A/libvDSP.dylib
0x000000000a1be000 	/System/Library/Frameworks/Accelerate.framework/Versions/A/Frameworks/vecLib.framework/Versions/A/libvMisc.dylib
0x000000000a1be000 	/System/Library/Frameworks/Accelerate.framework/Versions/A/Frameworks/vecLib.framework/Versions/A/libLAPACK.dylib
0x000000000a1be000 	/System/Library/Frameworks/Accelerate.framework/Versions/A/Frameworks/vecLib.framework/Versions/A/libBLAS.dylib
0x000000000a1be000 	/System/Library/Frameworks/Accelerate.framework/Versions/A/Frameworks/vecLib.framework/Versions/A/libLinearAlgebra.dylib
0x000000000a1be000 	/System/Library/Frameworks/Accelerate.framework/Versions/A/Frameworks/vecLib.framework/Versions/A/libSparseBLAS.dylib
0x000000000a1be000 	/System/Library/PrivateFrameworks/GPUCompiler.framework/libmetal_timestamp.dylib
0x000000000a1be000 	/System/Library/Frameworks/OpenGL.framework/Versions/A/Libraries/libCoreFSCache.dylib
0x000000000a1be000 	/System/Library/PrivateFrameworks/IOAccelerator.framework/Versions/A/IOAccelerator
0x000000000a1be000 	/System/Library/Frameworks/ApplicationServices.framework/Versions/A/Frameworks/ATS.framework/Versions/A/Resources/libFontParser.dylib
0x000000000a1be000 	/System/Library/Frameworks/ApplicationServices.framework/Versions/A/Frameworks/ATS.framework/Versions/A/Resources/libFontRegistry.dylib
0x000000000a1be000 	/System/Library/PrivateFrameworks/AppleVPA.framework/Versions/A/AppleVPA
0x000000000a1be000 	/System/Library/PrivateFrameworks/AppleJPEG.framework/Versions/A/AppleJPEG
0x000000000a1be000 	/System/Library/Frameworks/ImageIO.framework/Versions/A/Resources/libJPEG.dylib
0x000000000a1be000 	/System/Library/Frameworks/ImageIO.framework/Versions/A/Resources/libTIFF.dylib
0x000000000a1be000 	/System/Library/Frameworks/ImageIO.framework/Versions/A/Resources/libPng.dylib
0x000000000a1be000 	/System/Library/Frameworks/ImageIO.framework/Versions/A/Resources/libGIF.dylib
0x000000000a1be000 	/System/Library/Frameworks/ImageIO.framework/Versions/A/Resources/libJP2.dylib
0x000000000a1be000 	/System/Library/Frameworks/ImageIO.framework/Versions/A/Resources/libRadiance.dylib
0x000000000a1be000 	/System/Library/Frameworks/CoreVideo.framework/Versions/A/CoreVideo
0x000000000a1be000 	/System/Library/Frameworks/OpenGL.framework/Versions/A/Libraries/libGLU.dylib
0x000000000a1be000 	/System/Library/Frameworks/OpenGL.framework/Versions/A/Libraries/libGFXShared.dylib
0x000000000a1be000 	/System/Library/Frameworks/OpenGL.framework/Versions/A/Libraries/libGL.dylib
0x000000000a1be000 	/System/Library/Frameworks/OpenGL.framework/Versions/A/Libraries/libGLImage.dylib
0x000000000a1be000 	/System/Library/Frameworks/OpenGL.framework/Versions/A/Libraries/libCVMSPluginSupport.dylib
0x000000000a1be000 	/System/Library/Frameworks/OpenGL.framework/Versions/A/Libraries/libCoreVMClient.dylib
0x000000000a1be000 	/usr/lib/libcups.2.dylib
0x000000000a1be000 	/System/Library/Frameworks/Kerberos.framework/Versions/A/Kerberos
0x000000000a1be000 	/System/Library/Frameworks/GSS.framework/Versions/A/GSS
0x000000000a1be000 	/usr/lib/libresolv.9.dylib
0x000000000a1be000 	/usr/lib/libiconv.2.dylib
0x000000000a1be000 	/System/Library/PrivateFrameworks/Heimdal.framework/Versions/A/Heimdal
0x000000000a1be000 	/usr/lib/libheimdal-asn1.dylib
0x000000000a1be000 	/System/Library/Frameworks/OpenDirectory.framework/Versions/A/OpenDirectory
0x000000000a1be000 	/System/Library/PrivateFrameworks/CommonAuth.framework/Versions/A/CommonAuth
0x000000000a1be000 	/System/Library/Frameworks/OpenDirectory.framework/Versions/A/Frameworks/CFOpenDirectory.framework/Versions/A/CFOpenDirectory
0x000000000a1be000 	/System/Library/Frameworks/SecurityFoundation.framework/Versions/A/SecurityFoundation
0x000000000a1be000 	/System/Library/PrivateFrameworks/LanguageModeling.framework/Versions/A/LanguageModeling
0x000000000a1be000 	/usr/lib/libmarisa.dylib
0x000000000a1be000 	/usr/lib/libChineseTokenizer.dylib
0x000000000a1be000 	/usr/lib/libcmph.dylib
0x000000000a1be000 	/usr/lib/libcompression.dylib
0x000000000a1be000 	/System/Library/Frameworks/ServiceManagement.framework/Versions/A/ServiceManagement
0x000000000a1be000 	/usr/lib/libxslt.1.dylib
0x000000000a1be000 	/System/Library/Frameworks/Carbon.framework/Versions/A/Frameworks/Ink.framework/Versions/A/Ink
0x000000000a1be000 	/usr/lib/libFosl_dynamic.dylib
0x000000000a1be000 	/System/Library/PrivateFrameworks/FaceCore.framework/Versions/A/FaceCore
0x000000000a1be000 	/System/Library/Frameworks/OpenCL.framework/Versions/A/OpenCL
0x000000000a1be000 	/System/Library/PrivateFrameworks/CrashReporterSupport.framework/Versions/A/CrashReporterSupport
0x000000000a1be000 	/System/Library/PrivateFrameworks/IconServices.framework/Versions/A/IconServices
0x000000000a1be000 	/System/Library/PrivateFrameworks/Apple80211.framework/Versions/A/Apple80211
0x000000000a1be000 	/System/Library/Frameworks/CoreWLAN.framework/Versions/A/CoreWLAN
0x000000000a1be000 	/System/Library/Frameworks/IOBluetooth.framework/Versions/A/IOBluetooth
0x000000000a1be000 	/System/Library/PrivateFrameworks/CoreWiFi.framework/Versions/A/CoreWiFi
0x000000000a1be000 	/System/Library/Frameworks/CoreBluetooth.framework/Versions/A/CoreBluetooth
0x000000000a1be000 	/System/Library/PrivateFrameworks/ChunkingLibrary.framework/Versions/A/ChunkingLibrary
0x000000000a1be000 	/System/Library/PrivateFrameworks/DebugSymbols.framework/Versions/A/DebugSymbols
0x000000000a1be000 	/System/Library/PrivateFrameworks/CoreSymbolication.framework/Versions/A/CoreSymbolication
0x000000000a1be000 	/System/Library/PrivateFrameworks/Symbolication.framework/Versions/A/Symbolication
0x000000000a1be000 	/System/Library/PrivateFrameworks/SpeechRecognitionCore.framework/Versions/A/SpeechRecognitionCore
0x0000000104d83000 	/Library/Java/JavaVirtualMachines/jdk1.8.0_45.jdk/Contents/Home/jre/lib/server/libjvm.dylib
0x000000000a1be000 	/usr/lib/libstdc++.6.dylib
0x0000000105cf0000 	/Library/Java/JavaVirtualMachines/jdk1.8.0_45.jdk/Contents/Home/jre/lib/libverify.dylib
0x0000000105cfe000 	/Library/Java/JavaVirtualMachines/jdk1.8.0_45.jdk/Contents/Home/jre/lib/libjava.dylib
0x0000000105d3d000 	/Library/Java/JavaVirtualMachines/jdk1.8.0_45.jdk/Contents/Home/jre/lib/libzip.dylib
0x000000011beb7000 	/System/Library/Frameworks/JavaVM.framework/Frameworks/JavaRuntimeSupport.framework/JavaRuntimeSupport
0x000000011bed2000 	/System/Library/Frameworks/JavaVM.framework/Versions/A/Frameworks/JavaNativeFoundation.framework/Versions/A/JavaNativeFoundation
0x0000000105df2000 	/System/Library/Frameworks/JavaVM.framework/Versions/A/JavaVM
0x000000000a1be000 	/System/Library/Frameworks/Carbon.framework/Versions/A/Carbon
0x000000011bee7000 	/System/Library/PrivateFrameworks/JavaLaunching.framework/Versions/A/JavaLaunching
0x000000000a1be000 	/System/Library/Frameworks/Carbon.framework/Versions/A/Frameworks/CommonPanels.framework/Versions/A/CommonPanels
0x000000000a1be000 	/System/Library/Frameworks/Carbon.framework/Versions/A/Frameworks/Help.framework/Versions/A/Help
0x000000000a1be000 	/System/Library/Frameworks/Carbon.framework/Versions/A/Frameworks/ImageCapture.framework/Versions/A/ImageCapture
0x000000000a1be000 	/System/Library/Frameworks/Carbon.framework/Versions/A/Frameworks/OpenScripting.framework/Versions/A/OpenScripting
0x000000000a1be000 	/System/Library/Frameworks/Carbon.framework/Versions/A/Frameworks/Print.framework/Versions/A/Print
0x000000000a1be000 	/System/Library/Frameworks/Carbon.framework/Versions/A/Frameworks/SecurityHI.framework/Versions/A/SecurityHI
0x000000011d828000 	/Library/Java/JavaVirtualMachines/jdk1.8.0_45.jdk/Contents/Home/jre/lib/libawt.dylib
0x000000011d8d0000 	/Library/Java/JavaVirtualMachines/jdk1.8.0_45.jdk/Contents/Home/jre/lib/./libmlib_image.dylib
0x000000011d99c000 	/Library/Java/JavaVirtualMachines/jdk1.8.0_45.jdk/Contents/Home/jre/lib/libawt_lwawt.dylib
0x000000011da50000 	/Library/Java/JavaVirtualMachines/jdk1.8.0_45.jdk/Contents/Home/jre/lib/./libosxapp.dylib
0x000000000a1be000 	/System/Library/Frameworks/ExceptionHandling.framework/Versions/A/ExceptionHandling
0x000000000a1be000 	/System/Library/PrivateFrameworks/CoreServicesInternal.framework/Versions/A/CoreServicesInternal
0x000000000a1be000 	/System/Library/Frameworks/CoreGraphics.framework/Versions/A/Resources/libRIP.A.dylib
0x000000000a1be000 	/System/Library/Frameworks/Accelerate.framework/Versions/A/Frameworks/vImage.framework/Versions/A/Libraries/libCGInterfaces.dylib
0x000000000a1be000 	/System/Library/Frameworks/CoreGraphics.framework/Versions/A/Resources/libCGXType.A.dylib
0x000000000a1be000 	/System/Library/Frameworks/OpenCL.framework/Versions/A/Libraries/libcldcpuengine.dylib
0x000000000a1be000 	/System/Library/PrivateFrameworks/DiskImages.framework/Versions/A/DiskImages
0x000000000a1be000 	/System/Library/Frameworks/DiscRecording.framework/Versions/A/DiscRecording
0x000000000a1be000 	/usr/lib/libcsfde.dylib
0x000000000a1be000 	/usr/lib/libcurl.4.dylib
0x000000000a1be000 	/System/Library/PrivateFrameworks/MediaKit.framework/Versions/A/MediaKit
0x000000000a1be000 	/System/Library/PrivateFrameworks/ProtectedCloudStorage.framework/Versions/A/ProtectedCloudStorage
0x000000000a1be000 	/usr/lib/libCoreStorage.dylib
0x000000000a1be000 	/System/Library/PrivateFrameworks/EFILogin.framework/Versions/A/EFILogin
0x000000000a1be000 	/usr/lib/libutil.dylib
0x000000000a1be000 	/System/Library/PrivateFrameworks/FindMyDevice.framework/Versions/A/FindMyDevice
0x000000000a1be000 	/System/Library/Frameworks/LDAP.framework/Versions/A/LDAP
0x000000000a1be000 	/usr/lib/libsasl2.2.dylib
0x000000000a1be000 	/System/Library/PrivateFrameworks/CoreDaemon.framework/Versions/B/CoreDaemon
0x000000000a1be000 	/usr/lib/libcrypto.0.9.8.dylib
0x000000000a1be000 	/System/Library/PrivateFrameworks/AppleSRP.framework/Versions/A/AppleSRP
0x000000000a1be000 	/System/Library/PrivateFrameworks/TrustEvaluationAgent.framework/Versions/A/TrustEvaluationAgent
0x000000011e44d000 	cl_kernels
0x000000000a1be000 	/System/Library/Frameworks/OpenCL.framework/Versions/A/Libraries/ImageFormats/unorm8_bgra.dylib
0x000000000a1be000 	/System/Library/Frameworks/OpenCL.framework/Versions/A/Libraries/ImageFormats/unorm8_rgba.dylib
0x000000000a1be000 	/System/Library/PrivateFrameworks/FamilyControls.framework/Versions/A/FamilyControls
0x000000000a1be000 	/System/Library/PrivateFrameworks/CommerceKit.framework/Versions/A/Frameworks/CommerceCore.framework/Versions/A/CommerceCore
0x000000000a1be000 	/System/Library/PrivateFrameworks/SystemAdministration.framework/Versions/A/SystemAdministration
0x000000000a1be000 	/System/Library/PrivateFrameworks/AppContainer.framework/Versions/A/AppContainer
0x000000000a1be000 	/System/Library/PrivateFrameworks/SecCodeWrapper.framework/Versions/A/SecCodeWrapper
0x000000000a1be000 	/System/Library/Frameworks/DirectoryService.framework/Versions/A/DirectoryService
0x000000000a1be000 	/System/Library/PrivateFrameworks/LoginUIKit.framework/Versions/A/Frameworks/LoginUICore.framework/Versions/A/LoginUICore
0x000000000a1be000 	/usr/lib/libodfde.dylib
0x00000001206a8000 	/Library/Java/JavaVirtualMachines/jdk1.8.0_45.jdk/Contents/Home/jre/lib/libfontmanager.dylib
0x000000012070f000 	/Users/benjaminguilbert/travail/Télécom/Cours_Info/Eclipse/TickTackToe/lib/natives/liblwjgl.dylib
0x000000011e307000 	/Library/Java/JavaVirtualMachines/jdk1.8.0_45.jdk/Contents/Home/jre/lib/libjawt.dylib
0x000000000a1be000 	/System/Library/Frameworks/OpenGL.framework/Versions/A/Resources/GLEngine.bundle/GLEngine
0x000000000a1be000 	/System/Library/Frameworks/OpenGL.framework/Versions/A/Libraries/libGLProgrammability.dylib
0x00000001207ad000 	/System/Library/Extensions/AppleIntelBDWGraphicsGLDriver.bundle/Contents/MacOS/AppleIntelBDWGraphicsGLDriver
0x000000000a1be000 	/System/Library/PrivateFrameworks/GPUSupport.framework/Versions/A/Libraries/libGPUSupportMercury.dylib
0x000000000a1be000 	/System/Library/Frameworks/OpenGL.framework/Versions/A/Resources/GLRendererFloat.bundle/GLRendererFloat
0x00000001227a4000 	/Users/benjaminguilbert/travail/Télécom/Cours_Info/Eclipse/TickTackToe/lib/natives/libjinput-osx.dylib
0x00000001227a9000 	/System/Library/Extensions/IOHIDFamily.kext/Contents/PlugIns/IOHIDLib.plugin/Contents/MacOS/IOHIDLib

VM Arguments:
jvm_args: -Djava.library.path=lib/natives -Dfile.encoding=UTF-8 
java_command: Game
java_class_path (initial): /Users/benjaminguilbert/travail/Télécom/Cours_Info/Eclipse/TickTackToe/bin:/Users/benjaminguilbert/travail/Télécom/Cours_Info/Eclipse/TickTackToe/lib/jinput.jar:/Users/benjaminguilbert/travail/Télécom/Cours_Info/Eclipse/TickTackToe/lib/lwjgl.jar:/Users/benjaminguilbert/travail/Télécom/Cours_Info/Eclipse/TickTackToe/lib/slick.jar
Launcher Type: SUN_STANDARD

Environment Variables:
PATH=/usr/bin:/bin:/usr/sbin:/sbin
SHELL=/bin/bash

Signal Handlers:
SIGSEGV: [libjvm.dylib+0x58ef95], sa_mask[0]=11111111011111110111111111111111, sa_flags=SA_ONSTACK|SA_RESTART|SA_SIGINFO
SIGBUS: [libjvm.dylib+0x58ef95], sa_mask[0]=11111111011111110111111111111111, sa_flags=SA_RESTART|SA_SIGINFO
SIGFPE: [libjvm.dylib+0x46c108], sa_mask[0]=11111111011111110111111111111111, sa_flags=SA_RESTART|SA_SIGINFO
SIGPIPE: [libjvm.dylib+0x46c108], sa_mask[0]=11111111011111110111111111111111, sa_flags=SA_RESTART|SA_SIGINFO
SIGXFSZ: [libjvm.dylib+0x46c108], sa_mask[0]=11111111011111110111111111111111, sa_flags=SA_RESTART|SA_SIGINFO
SIGILL: [libjvm.dylib+0x46c108], sa_mask[0]=11111111011111110111111111111111, sa_flags=SA_RESTART|SA_SIGINFO
SIGUSR1: SIG_DFL, sa_mask[0]=00000000000000000000000000000000, sa_flags=none
SIGUSR2: [libjvm.dylib+0x46bc26], sa_mask[0]=00100000000000000000000000000000, sa_flags=SA_RESTART|SA_SIGINFO
SIGHUP: [libjvm.dylib+0x46a1f9], sa_mask[0]=11111111011111110111111111111111, sa_flags=SA_RESTART|SA_SIGINFO
SIGINT: [libjvm.dylib+0x46a1f9], sa_mask[0]=11111111011111110111111111111111, sa_flags=SA_RESTART|SA_SIGINFO
SIGTERM: [libjvm.dylib+0x46a1f9], sa_mask[0]=11111111011111110111111111111111, sa_flags=SA_RESTART|SA_SIGINFO
SIGQUIT: [libjvm.dylib+0x46a1f9], sa_mask[0]=11111111011111110111111111111111, sa_flags=SA_RESTART|SA_SIGINFO


---------------  S Y S T E M  ---------------

OS:Bsduname:Darwin 15.3.0 Darwin Kernel Version 15.3.0: Thu Dec 10 18:40:58 PST 2015; root:xnu-3248.30.4~1/RELEASE_X86_64 x86_64
rlimit: STACK 8192k, CORE 0k, NPROC 709, NOFILE 10240, AS infinity
load average:1.45 1.74 1.23

CPU:total 4 (2 cores per cpu, 2 threads per core) family 6 model 61 stepping 4, cmov, cx8, fxsr, mmx, sse, sse2, sse3, ssse3, sse4.1, sse4.2, popcnt, avx, avx2, aes, clmul, erms, 3dnowpref, lzcnt, ht, tsc, tscinvbit, bmi1, bmi2, adx

Memory: 4k page, physical 8388608k(3835680k free)

/proc/meminfo:


vm_info: Java HotSpot(TM) 64-Bit Server VM (25.45-b02) for bsd-amd64 JRE (1.8.0_45-b14), built on Apr 10 2015 10:46:38 by "java_re" with gcc 4.2.1 (Based on Apple Inc. build 5658) (LLVM build 2336.11.00)

time: Mon Feb 22 18:38:30 2016
elapsed time: 21 seconds (0d 0h 0m 21s)

